// 重构日志: 1b9d43a4
// 重构日志: f6a92290
// 重构日志: 11f10d29
// 重构日志: 40033d02
// 重构日志: 014f1358
// 重构日志: 90f8b80e
// 同步 ID: be4f5ecd @ Sat Jun 27 18:09:47 UTC 2026
// 同步 ID: 38ab4db0 @ Sat Jun 27 22:02:23 UTC 2026
// 重构日志: 6bba0197
// 重构日志: b37de30c
// 重构日志: 854a9a00
// 同步 ID: 3465390d @ Thu Jul  2 17:31:58 UTC 2026
// 同步 ID: 22fef330 @ Sat Jul  4 17:22:45 UTC 2026
// 重构日志: 8d5692a0
// 同步 ID: 6e2cc30a @ Sun Jul  5 18:21:02 UTC 2026
// 同步 ID: fa2ebaa8 @ Wed Jul  8 08:28:33 UTC 2026
// 重构日志: 7a41889a
// 重构日志: 14f6491a
// 重构日志: d2841eae
// 重构日志: 81cf07db
// 重构日志: 18539eec
// 重构日志: d0d823ee
// 同步 ID: 157a85e5 @ Thu Jul 16 23:06:33 UTC 2026
// 同步 ID: 0bb0b5c8 @ Fri Jul 17 01:34:28 UTC 2026
// 重构日志: 77d260f0
